Arguments: 
  /usr/local/bin/node /usr/local/bin/yarn add vant@2

PATH: 
  /usr/local/bin:/usr/bin:/bin:/usr/sbin:/sbin:/usr/local/go/bin:/Library/Apple/usr/bin:/Users/apple/Desktop/Dev/flutter/bin:/Users/apple/Desktop/Dev/flutter/bin/cache/dart-sdk/bin:/Users/apple/Desktop/Dev/go/bin:/usr/local/mysql/bin:/Users/apple/Desktop/Dev/flutter/bin:/Users/apple/Desktop/Dev/flutter/bin/cache/dart-sdk/bin:/Users/apple/Desktop/Dev/go/bin:/usr/local/mysql/bin

Yarn version: 
  1.22.19

Node version: 
  16.13.0

Platform: 
  darwin x64

Trace: 
  Error: https://registry.yarnpkg.com/echarts/-/echarts-5.4.2.tgz: ETIMEDOUT
      at Timeout._onTimeout (/usr/local/lib/node_modules/yarn/lib/cli.js:141550:19)
      at listOnTimeout (node:internal/timers:557:17)
      at processTimers (node:internal/timers:500:7)

npm manifest: 
  {
    "name": "HAH-BROWSER",
    "version": "0.1.0",
    "private": true,
    "scripts": {
      "serve": "vue-cli-service serve",
      "build": "vue-cli-service build",
      "lint": "vue-cli-service lint",
      "start": "node index.js",
      "server": "nodemon index.js --ignore client"
    },
    "dependencies": {
      "@riophae/vue-treeselect": "^0.4.0",
      "@tailwindcss/postcss7-compat": "^2.2.17",
      "autoprefixer": "^9.8.8",
      "axios": "^0.24.0",
      "core-js": "^3.6.5",
      "echarts": "^5.3.0",
      "element-ui": "^2.15.6",
      "postcss": "^7.0.39",
      "tailwindcss": "npm:@tailwindcss/postcss7-compat@^2.2.17",
      "vee-validate": "^2.0.0-rc.25",
      "vue": "^2.6.11",
      "vue-i18n": "^8.23.0",
      "vue-router": "^3.2.0",
      "vue-ueditor-wrap": "^2.5.6",
      "vuex": "^3.4.0"
    },
    "devDependencies": {
      "@babel/core": "^7.1.6",
      "@babel/plugin-transform-runtime": "^7.1.0",
      "@babel/polyfill": "^7.0.0",
      "@babel/preset-env": "^7.1.6",
      "@babel/runtime": "^7.1.2",
      "@vue/cli-plugin-babel": "~4.5.0",
      "@vue/cli-plugin-eslint": "~4.5.0",
      "@vue/cli-plugin-router": "~4.5.0",
      "@vue/cli-plugin-vuex": "~4.5.0",
      "@vue/cli-service": "~4.5.0",
      "less": "^4.1.2",
      "vue-template-compiler": "^2.6.11"
    },
    "eslintConfig": {
      "root": true,
      "env": {
        "node": true
      },
      "extends": [
        "plugin:vue/essential",
        "eslint:recommended"
      ],
      "parserOptions": {
        "parser": "babel-eslint"
      },
      "rules": {}
    },
    "browserslist": [
      "> 1%",
      "last 2 versions",
      "not dead"
    ]
  }

yarn manifest: 
  No manifest

Lockfile: 
  No lockfile
